<?xml version="1.0" encoding="UTF-8"?>
<!-- Generated by org.testng.reporters.JUnitXMLReporter -->
<testsuite ignored="0" hostname="Rubens-MacBook-Pro.local" failures="4" tests="6" name="FormTest" time="34.14" errors="0" timestamp="2022-03-24T22:45:33 AMT">
  <testcase classname="tests.Tests" name="minimumValidInputs" time="1.611"/>
  <testcase classname="tests.Tests" name="invalidAddressTest" time="1.268">
    <failure type="java.lang.AssertionError" message="null">
      <![CDATA[java.lang.AssertionError: null
at tests.Tests.invalidAddressTest(Tests.java:57)
at java.base/java.util.ArrayList.forEach(ArrayList.java:1511)
at com.intellij.rt.testng.IDEARemoteTestNG.run(IDEARemoteTestNG.java:66)
at com.intellij.rt.testng.RemoteTestNGStarter.main(RemoteTestNGStarter.java:109)
... Removed 26 stack frames]]>
    </failure>
  </testcase> <!-- invalidAddressTest -->
  <testcase classname="tests.Tests" name="invalidEmailTest" time="1.06">
    <failure type="java.lang.AssertionError" message="null">
      <![CDATA[java.lang.AssertionError: null
at tests.Tests.invalidEmailTest(Tests.java:79)
at java.base/java.util.ArrayList.forEach(ArrayList.java:1511)
at com.intellij.rt.testng.IDEARemoteTestNG.run(IDEARemoteTestNG.java:66)
at com.intellij.rt.testng.RemoteTestNGStarter.main(RemoteTestNGStarter.java:109)
... Removed 26 stack frames]]>
    </failure>
  </testcase> <!-- invalidEmailTest -->
  <testcase classname="tests.Tests" name="invalidNameInput" time="0.995">
    <failure type="java.lang.AssertionError" message="null">
      <![CDATA[java.lang.AssertionError: null
at tests.Tests.invalidNameInput(Tests.java:102)
at java.base/java.util.ArrayList.forEach(ArrayList.java:1511)
at com.intellij.rt.testng.IDEARemoteTestNG.run(IDEARemoteTestNG.java:66)
at com.intellij.rt.testng.RemoteTestNGStarter.main(RemoteTestNGStarter.java:109)
... Removed 26 stack frames]]>
    </failure>
  </testcase> <!-- invalidNameInput -->
  <testcase classname="tests.Tests" name="checkingClearForm" time="1.753">
    <failure type="java.lang.AssertionError" message="null">
      <![CDATA[java.lang.AssertionError: null
at tests.Tests.checkingClearForm(Tests.java:126)
at java.base/java.util.ArrayList.forEach(ArrayList.java:1511)
at com.intellij.rt.testng.IDEARemoteTestNG.run(IDEARemoteTestNG.java:66)
at com.intellij.rt.testng.RemoteTestNGStarter.main(RemoteTestNGStarter.java:109)
... Removed 26 stack frames]]>
    </failure>
  </testcase> <!-- checkingClearForm -->
  <testcase classname="tests.Tests" name="validInput" time="5.362"/>
</testsuite> <!-- FormTest -->
